#
# There is insufficient memory for the Java Runtime Environment to continue.
# Native memory allocation (mmap) failed to map 266338304 bytes. Error detail: G1 virtual space
# Possible reasons:
#   The system is out of physical RAM or swap space
#   This process is running with CompressedOops enabled, and the Java Heap may be blocking the growth of the native heap
# Possible solutions:
#   Reduce memory load on the system
#   Increase physical memory or swap space
#   Check if swap backing store is full
#   Decrease Java heap size (-Xmx/-Xms)
#   Decrease number of Java threads
#   Decrease Java thread stack sizes (-Xss)
#   Set larger code cache with -XX:ReservedCodeCacheSize=
#   JVM is running with Zero Based Compressed Oops mode in which the Java heap is
#     placed in the first 32GB address space. The Java Heap base address is the
#     maximum limit for the native heap growth. Please use -XX:HeapBaseMinAddress
#     to set the Java Heap base and to place the Java Heap above 32GB virtual address.
# This output file may be truncated or incomplete.
#
#  Out of Memory Error (os_windows.cpp:3898), pid=4772, tid=9596
#
# JRE version:  (21.0.7+9) (build )
# Java VM: OpenJDK 64-Bit Server VM (21.0.7+9-b895.130, mixed mode, sharing, tiered, compressed oops, compressed class ptrs, g1 gc, windows-amd64)
# No core dump will be written. Minidumps are not enabled by default on client versions of Windows
#

---------------  S U M M A R Y ------------

Command Line: externalApp.nativessh.NativeSshAskPassApp Enter passphrase for key '/c/Users/marce/.ssh/id_rsa': 

Host: AMD Ryzen 5 5600G with Radeon Graphics         , 12 cores, 15G,  Windows 11 , 64 bit Build 26100 (10.0.26100.3912)
Time: Wed Jun 11 20:47:03 2025 Mitteleuropäische Sommerzeit elapsed time: 1.122285 seconds (0d 0h 0m 1s)

---------------  T H R E A D  ---------------

Current thread (0x000001a8b3065250):  JavaThread "Unknown thread" [_thread_in_vm, id=9596, stack(0x00000019e1300000,0x00000019e1400000) (1024K)]

Stack: [0x00000019e1300000,0x00000019e1400000]
Native frames: (J=compiled Java code, j=interpreted, Vv=VM code, C=native code)
V  [jvm.dll+0x6e6049]
V  [jvm.dll+0x8c4343]
V  [jvm.dll+0x8c689e]
V  [jvm.dll+0x8c6f83]
V  [jvm.dll+0x289266]
V  [jvm.dll+0x6e28c5]
V  [jvm.dll+0x6d634a]
V  [jvm.dll+0x36388b]
V  [jvm.dll+0x36b456]
V  [jvm.dll+0x3bd7e6]
V  [jvm.dll+0x3bdab8]
V  [jvm.dll+0x335fdc]
V  [jvm.dll+0x336ccb]
V  [jvm.dll+0x88b7a9]
V  [jvm.dll+0x3ca9b8]
V  [jvm.dll+0x8747f8]
V  [jvm.dll+0x45f3ce]
V  [jvm.dll+0x4610b1]
C  [jli.dll+0x52ab]
C  [ucrtbase.dll+0x37b0]
C  [KERNEL32.DLL+0x2e8d7]
C  [ntdll.dll+0x9c5dc]


---------------  P R O C E S S  ---------------

Threads class SMR info:
_java_thread_list=0x00007ff89e72b148, length=0, elements={
}

Java Threads: ( => current thread )
Total: 0

Other Threads:
  0x000001a8b303f430 WorkerThread "GC Thread#0"                     [id=31044, stack(0x00000019e1400000,0x00000019e1500000) (1024K)]
  0x000001a8b54173b0 ConcurrentGCThread "G1 Main Marker"            [id=16584, stack(0x00000019e1500000,0x00000019e1600000) (1024K)]
  0x000001a8b303f7d0 WorkerThread "G1 Conc#0"                       [id=25084, stack(0x00000019e1600000,0x00000019e1700000) (1024K)]

[error occurred during error reporting (printing all threads), id 0xc0000005, EXCEPTION_ACCESS_VIOLATION (0xc0000005) at pc=0x00007ff89de190b7]
VM state: not at safepoint (not fully initialized)

VM Mutex/Monitor currently owned by a thread:  ([mutex/lock_event])
[0x00007ff89e79fab8] Heap_lock - owner thread: 0x000001a8b3065250

Heap address: 0x0000000702a00000, size: 4054 MB, Compressed Oops mode: Zero based, Oop shift amount: 3

CDS archive(s) mapped at: [0x0000000000000000-0x0000000000000000-0x0000000000000000), size 0, SharedBaseAddress: 0x0000000800000000, ArchiveRelocationMode: 1.
Narrow klass base: 0x0000000000000000, Narrow klass shift: 0, Narrow klass range: 0x0

GC Precious Log:
 CardTable entry size: 512
 Card Set container configuration: InlinePtr #cards 4 size 8 Array Of Cards #cards 16 size 48 Howl #buckets 8 coarsen threshold 3686 Howl Bitmap #cards 512 size 80 coarsen threshold 460 Card regions per heap region 1 cards per card region 4096

Heap:
 garbage-first heap   total 0K, used 0K [0x0000000702a00000, 0x0000000800000000)
  region size 2048K, 0 young (0K), 0 survivors (0K)
 Metaspace       used 0K, committed 0K, reserved 0K
  class space    used 0K, committed 0K, reserved 0K

Heap Regions: E=young(eden), S=young(survivor), O=old, HS=humongous(starts), HC=humongous(continues), CS=collection set, F=free, TAMS=top-at-mark-start, PB=parsable bottom

Card table byte_map: [0x000001a8c9130000,0x000001a8c9920000] _byte_map_base: 0x000001a8c591b000

Marking Bits: (CMBitMap*) 0x000001a8b5405f00
 Bits: [0x000001a8c9920000, 0x000001a8cd878000)

GC Heap History (0 events):
No events

Dll operation events (1 events):
Event: 0.007 Loaded shared library C:\Users\marce\AppData\Local\Programs\WebStorm\jbr\bin\java.dll

Deoptimization events (0 events):
No events

Classes loaded (0 events):
No events

Classes unloaded (0 events):
No events

Classes redefined (0 events):
No events

Internal exceptions (0 events):
No events

ZGC Phase Switch (0 events):
No events

VM Operations (0 events):
No events

Memory protections (0 events):
No events

Nmethod flushes (0 events):
No events

Events (0 events):
No events


Dynamic libraries:
0x00007ff7db3a0000 - 0x00007ff7db3aa000 	C:\Users\marce\AppData\Local\Programs\WebStorm\jbr\bin\java.exe
0x00007ff93d6e0000 - 0x00007ff93d946000 	C:\WINDOWS\SYSTEM32\ntdll.dll
0x00007ff93b5a0000 - 0x00007ff93b669000 	C:\WINDOWS\System32\KERNEL32.DLL
0x00007ff93ae30000 - 0x00007ff93b1fc000 	C:\WINDOWS\System32\KERNELBASE.dll
0x00007ff93aa80000 - 0x00007ff93abcb000 	C:\WINDOWS\System32\ucrtbase.dll
0x00007ff9070c0000 - 0x00007ff9070d8000 	C:\Users\marce\AppData\Local\Programs\WebStorm\jbr\bin\jli.dll
0x00007ff9354d0000 - 0x00007ff9354eb000 	C:\Users\marce\AppData\Local\Programs\WebStorm\jbr\bin\VCRUNTIME140.dll
0x00007ff93d140000 - 0x00007ff93d30a000 	C:\WINDOWS\System32\USER32.dll
0x00007ff921350000 - 0x00007ff9215ea000 	C:\WINDOWS\WinSxS\amd64_microsoft.windows.common-controls_6595b64144ccf1df_6.0.26100.3912_none_3e07963ce335137e\COMCTL32.dll
0x00007ff93abd0000 - 0x00007ff93abf7000 	C:\WINDOWS\System32\win32u.dll
0x00007ff93cfc0000 - 0x00007ff93d069000 	C:\WINDOWS\System32\msvcrt.dll
0x00007ff93b8f0000 - 0x00007ff93b91b000 	C:\WINDOWS\System32\GDI32.dll
0x00007ff93b2c0000 - 0x00007ff93b3f2000 	C:\WINDOWS\System32\gdi32full.dll
0x00007ff93ac00000 - 0x00007ff93aca3000 	C:\WINDOWS\System32\msvcp_win.dll
0x00007ff93cf80000 - 0x00007ff93cfb0000 	C:\WINDOWS\System32\IMM32.DLL
0x00007ff9351b0000 - 0x00007ff9351bc000 	C:\Users\marce\AppData\Local\Programs\WebStorm\jbr\bin\vcruntime140_1.dll
0x00007ff8a2860000 - 0x00007ff8a28ed000 	C:\Users\marce\AppData\Local\Programs\WebStorm\jbr\bin\msvcp140.dll
0x00007ff89dad0000 - 0x00007ff89e891000 	C:\Users\marce\AppData\Local\Programs\WebStorm\jbr\bin\server\jvm.dll
0x00007ff93be20000 - 0x00007ff93bed2000 	C:\WINDOWS\System32\ADVAPI32.dll
0x00007ff93b840000 - 0x00007ff93b8e6000 	C:\WINDOWS\System32\sechost.dll
0x00007ff93c030000 - 0x00007ff93c146000 	C:\WINDOWS\System32\RPCRT4.dll
0x00007ff93bda0000 - 0x00007ff93be14000 	C:\WINDOWS\System32\WS2_32.dll
0x00007ff939470000 - 0x00007ff9394ce000 	C:\WINDOWS\SYSTEM32\POWRPROF.dll
0x00007ff92e300000 - 0x00007ff92e336000 	C:\WINDOWS\SYSTEM32\WINMM.dll
0x00007ff933ae0000 - 0x00007ff933aeb000 	C:\WINDOWS\SYSTEM32\VERSION.dll
0x00007ff939450000 - 0x00007ff939464000 	C:\WINDOWS\SYSTEM32\UMPDC.dll
0x00007ff939730000 - 0x00007ff93974a000 	C:\WINDOWS\SYSTEM32\kernel.appcore.dll
0x00007ff92eda0000 - 0x00007ff92edaa000 	C:\Users\marce\AppData\Local\Programs\WebStorm\jbr\bin\jimage.dll
0x00007ff938aa0000 - 0x00007ff938ce1000 	C:\WINDOWS\SYSTEM32\DBGHELP.DLL
0x00007ff93d310000 - 0x00007ff93d694000 	C:\WINDOWS\System32\combase.dll
0x00007ff93bf30000 - 0x00007ff93c010000 	C:\WINDOWS\System32\OLEAUT32.dll
0x00007ff9210c0000 - 0x00007ff9210f9000 	C:\WINDOWS\SYSTEM32\dbgcore.DLL
0x00007ff93b400000 - 0x00007ff93b499000 	C:\WINDOWS\System32\bcryptPrimitives.dll
0x00007ff924a80000 - 0x00007ff924aa0000 	C:\Users\marce\AppData\Local\Programs\WebStorm\jbr\bin\java.dll

dbghelp: loaded successfully - version: 4.0.5 - missing functions: none
symbol engine: initialized successfully - sym options: 0x614 - pdb path: .;C:\Users\marce\AppData\Local\Programs\WebStorm\jbr\bin;C:\WINDOWS\SYSTEM32;C:\WINDOWS\WinSxS\amd64_microsoft.windows.common-controls_6595b64144ccf1df_6.0.26100.3912_none_3e07963ce335137e;C:\Users\marce\AppData\Local\Programs\WebStorm\jbr\bin\server

VM Arguments:
java_command: externalApp.nativessh.NativeSshAskPassApp Enter passphrase for key '/c/Users/marce/.ssh/id_rsa': 
java_class_path (initial): C:/Users/marce/AppData/Local/Programs/WebStorm/lib/externalProcess-rt.jar
Launcher Type: SUN_STANDARD

[Global flags]
     intx CICompilerCount                          = 4                                         {product} {ergonomic}
     uint ConcGCThreads                            = 3                                         {product} {ergonomic}
     uint G1ConcRefinementThreads                  = 10                                        {product} {ergonomic}
   size_t G1HeapRegionSize                         = 2097152                                   {product} {ergonomic}
    uintx GCDrainStackTargetSize                   = 64                                        {product} {ergonomic}
   size_t InitialHeapSize                          = 266338304                                 {product} {ergonomic}
   size_t MarkStackSize                            = 4194304                                   {product} {ergonomic}
   size_t MaxHeapSize                              = 4250927104                                {product} {ergonomic}
   size_t MinHeapDeltaBytes                        = 2097152                                   {product} {ergonomic}
   size_t MinHeapSize                              = 8388608                                   {product} {ergonomic}
    uintx NonNMethodCodeHeapSize                   = 5839372                                {pd product} {ergonomic}
    uintx NonProfiledCodeHeapSize                  = 122909434                              {pd product} {ergonomic}
    uintx ProfiledCodeHeapSize                     = 122909434                              {pd product} {ergonomic}
    uintx ReservedCodeCacheSize                    = 251658240                              {pd product} {ergonomic}
     bool SegmentedCodeCache                       = true                                      {product} {ergonomic}
   size_t SoftMaxHeapSize                          = 4250927104                             {manageable} {ergonomic}
     bool UseCompressedOops                        = true                           {product lp64_product} {ergonomic}
     bool UseG1GC                                  = true                                      {product} {ergonomic}
     bool UseLargePagesIndividualAllocation        = false                                  {pd product} {ergonomic}

Logging:
Log output configuration:
 #0: stdout all=warning uptime,level,tags foldmultilines=false
 #1: stderr all=off uptime,level,tags foldmultilines=false

Environment Variables:
PATH=C:\Program Files\Git\mingw64\libexec\git-core;C:\Program Files\Git\mingw64\bin;C:\Program Files\Git\usr\bin;C:\Users\marce\bin;E:\GitHub\TrackLab\.venv\Scripts;C:\Python311\Scripts;C:\Python311;C:\Program Files (x86)\Common Files\Oracle\Java\javapath;C:\Windows\system32;C:\Windows;C:\Windows\System32\Wbem;C:\Windows\System32\WindowsPowerShell\v1.0;C:\Windows\System32\OpenSSH;C:\Program Files (x86)\NVIDIA Corporation\PhysX\Common;C:\WINDOWS\system32;C:\WINDOWS;C:\WINDOWS\System32\Wbem;C:\WINDOWS\System32\WindowsPowerShell\v1.0;C:\WINDOWS\System32\OpenSSH;C:\ProgramData\chocolatey\bin;C:\Program Files\Git\cmd;C:\Program Files\NVIDIA Corporation\NVIDIA app\NvDLISR;C:\Program Files\nodejs;C:\Program Files\Docker\Docker\resources\bin;C:\Program Files\PowerShell\7;C:\Program Files\dotnet;C:\Users\marce\AppData\Local\pnpm;C:\Users\marce\AppData\Local\Microsoft\WindowsApps;C:\Users\marce\AppData\Local\JetBrains\Toolbox\scripts;C:\Users\marce\AppData\Local\Programs\Microsoft VS Code\bin;C:\Users\marce\AppData\Roaming\npm;C:\Users\marce\AppData\Local\Microsoft\WindowsApps;C:\Users\marce\AppData\Roaming\Python\Python311\Scripts;C:\users\marce\.local\bin;C:\Users\marce\AppData\Local\Muse Hub\lib
USERNAME=marce
DISPLAY=:0.0
LC_ALL=en_US.UTF-8
TERM=xterm-256color
TMPDIR=C:\Users\marce\AppData\Local\Temp
OS=Windows_NT
PROCESSOR_IDENTIFIER=AMD64 Family 25 Model 80 Stepping 0, AuthenticAMD
TMP=C:\Users\marce\AppData\Local\Temp
TEMP=C:\Users\marce\AppData\Local\Temp




Periodic native trim disabled

JNI global refs:
JNI global refs: 0, weak refs: 0

JNI global refs memory usage: 0, weak refs: 0

Process memory usage:
Resident Set Size: 12952K (0% of 16601448K total physical memory with 3249436K free physical memory)

OOME stack traces (most recent first):
Classloader memory used:

---------------  S Y S T E M  ---------------

OS:
 Windows 11 , 64 bit Build 26100 (10.0.26100.3912)
OS uptime: 26 days 22:53 hours
Hyper-V role detected

CPU: total 12 (initial active 12) (12 cores per cpu, 2 threads per core) family 25 model 80 stepping 0 microcode 0xa50000c, cx8, cmov, fxsr, ht, mmx, 3dnowpref, sse, sse2, sse3, ssse3, sse4a, sse4.1, sse4.2, popcnt, lzcnt, tsc, tscinvbit, avx, avx2, aes, erms, clmul, bmi1, bmi2, adx, sha, fma, vzeroupper, clflush, clflushopt, hv, rdtscp, rdpid, fsrm, f16c, cet_ss
Processor Information for the first 12 processors :
  Max Mhz: 3901, Current Mhz: 3901, Mhz Limit: 3901

Memory: 4k page, system-wide physical 16212M (3173M free)
TotalPageFile size 65364M (AvailPageFile size 224M)
current process WorkingSet (physical memory assigned to process): 12M, peak: 12M
current process commit charge ("private bytes"): 64M, peak: 318M

vm_info: OpenJDK 64-Bit Server VM (21.0.7+9-b895.130) for windows-amd64 JRE (21.0.7+9-b895.130), built on 2025-05-13 by "builduser" with MS VC++ 16.10 / 16.11 (VS2019)

END.
